<?xml version="1.0" encoding="UTF-8"?>
<testng-results ignored="0" total="1" passed="1" failed="0" skipped="0">
  <reporter-output>
  </reporter-output>
  <suite started-at="2022-10-06T09:57:06 EDT" name="Default suite" finished-at="2022-10-06T09:57:11 EDT" duration-ms="5713">
    <groups>
    </groups>
    <test started-at="2022-10-06T09:57:06 EDT" name="Default test" finished-at="2022-10-06T09:57:11 EDT" duration-ms="5713">
      <class name="com.Webtable.WebTableTwo">
        <test-method signature="tableTwo()[pri:0, instance:com.Webtable.WebTableTwo@69e1dd28]" started-at="2022-10-06T09:57:06 EDT" name="tableTwo" finished-at="2022-10-06T09:57:11 EDT" duration-ms="5682" status="PASS">
          <reporter-output>
          </reporter-output>
        </test-method> <!-- tableTwo -->
      </class> <!-- com.Webtable.WebTableTwo -->
    </test> <!-- Default test -->
  </suite> <!-- Default suite -->
</testng-results>
